  [1m[35m (2875.4ms)[0m  [1m[35mCREATE DATABASE "quizz_2_development" ENCODING = 'unicode'[0m
  ↳ bin/rails:9
  [1m[35m (866.5ms)[0m  [1m[35mCREATE DATABASE "quizz_2_test" ENCODING = 'unicode'[0m
  ↳ bin/rails:9
  [1m[35m (52.7ms)[0m  [1m[35mCREATE TABLE "schema_migrations" ("version" character varying NOT NULL PRIMARY KEY)[0m
  ↳ bin/rails:9
  [1m[35m (41.9ms)[0m  [1m[35mCREATE TABLE "ar_internal_metadata" ("key" character varying NOT NULL PRIMARY KEY, "value" character varying, "created_at" timestamp NOT NULL, "updated_at" timestamp NOT NULL)[0m
  ↳ bin/rails:9
  [1m[35m (0.5ms)[0m  [1m[34mSELECT pg_try_advisory_lock(8385558604168314030)[0m
  ↳ bin/rails:9
  [1m[35m (1.0ms)[0m  [1m[34mSELECT "schema_migrations"."version" FROM "schema_migrations" ORDER BY "schema_migrations"."version" ASC[0m
  ↳ bin/rails:9
Migrating to CreateIdeas (20180716163829)
  [1m[35m (0.3ms)[0m  [1m[35mBEGIN[0m
  ↳ bin/rails:9
  [1m[35m (39.5ms)[0m  [1m[35mCREATE TABLE "ideas" ("id" bigserial primary key, "title" character varying, "description" text, "created_at" timestamp NOT NULL, "updated_at" timestamp NOT NULL)[0m
  ↳ db/migrate/20180716163829_create_ideas.rb:3
  [1m[36mActiveRecord::SchemaMigration Create (0.3ms)[0m  [1m[32mINSERT INTO "schema_migrations" ("version") VALUES ($1) RETURNING "version"[0m  [["version", "20180716163829"]]
  ↳ bin/rails:9
  [1m[35m (6.2ms)[0m  [1m[35mCOMMIT[0m
  ↳ bin/rails:9
  [1m[36mActiveRecord::InternalMetadata Load (0.3ms)[0m  [1m[34mSELECT  "ar_internal_metadata".* FROM "ar_internal_metadata" WHERE "ar_internal_metadata"."key" = $1 LIMIT $2[0m  [["key", "environment"], ["LIMIT", 1]]
  ↳ bin/rails:9
  [1m[35m (0.1ms)[0m  [1m[35mBEGIN[0m
  ↳ bin/rails:9
  [1m[36mActiveRecord::InternalMetadata Create (0.3ms)[0m  [1m[32mINSERT INTO "ar_internal_metadata" ("key", "value", "created_at", "updated_at") VALUES ($1, $2, $3, $4) RETURNING "key"[0m  [["key", "environment"], ["value", "development"], ["created_at", "2018-07-16 16:41:01.851867"], ["updated_at", "2018-07-16 16:41:01.851867"]]
  ↳ bin/rails:9
  [1m[35m (7.6ms)[0m  [1m[35mCOMMIT[0m
  ↳ bin/rails:9
  [1m[35m (0.6ms)[0m  [1m[34mSELECT pg_advisory_unlock(8385558604168314030)[0m
  ↳ bin/rails:9
  [1m[35m (0.6ms)[0m  [1m[34mSELECT "schema_migrations"."version" FROM "schema_migrations" ORDER BY "schema_migrations"."version" ASC[0m
  ↳ bin/rails:9
Started GET "/" for 127.0.0.1 at 2018-07-16 09:45:35 -0700
  [1m[35m (0.7ms)[0m  [1m[34mSELECT "schema_migrations"."version" FROM "schema_migrations" ORDER BY "schema_migrations"."version" ASC[0m
  ↳ /home/luciana/.rvm/gems/ruby-2.5.1/gems/activerecord-5.2.0/lib/active_record/log_subscriber.rb:98
Processing by Rails::WelcomeController#index as HTML
  Rendering /home/luciana/.rvm/gems/ruby-2.5.1/gems/railties-5.2.0/lib/rails/templates/rails/welcome/index.html.erb
  Rendered /home/luciana/.rvm/gems/ruby-2.5.1/gems/railties-5.2.0/lib/rails/templates/rails/welcome/index.html.erb (2.2ms)
Completed 200 OK in 15ms (Views: 6.3ms | ActiveRecord: 0.0ms)


Started GET "/rails/info/routes" for 127.0.0.1 at 2018-07-16 09:49:54 -0700
Processing by Rails::InfoController#routes as HTML
  Rendering /home/luciana/.rvm/gems/ruby-2.5.1/gems/railties-5.2.0/lib/rails/templates/rails/info/routes.html.erb within layouts/application
  Rendered collection of /home/luciana/.rvm/gems/ruby-2.5.1/gems/actionpack-5.2.0/lib/action_dispatch/middleware/templates/routes/_route.html.erb [13 times] (6.8ms)
  Rendered /home/luciana/.rvm/gems/ruby-2.5.1/gems/actionpack-5.2.0/lib/action_dispatch/middleware/templates/routes/_table.html.erb (7.0ms)
  Rendered /home/luciana/.rvm/gems/ruby-2.5.1/gems/railties-5.2.0/lib/rails/templates/rails/info/routes.html.erb within layouts/application (17.8ms)
Completed 200 OK in 23ms (Views: 21.5ms | ActiveRecord: 0.0ms)


Started GET "/ideas" for 127.0.0.1 at 2018-07-16 09:57:24 -0700
  
AbstractController::ActionNotFound (The action 'index' could not be found for IdeasController):
  
actionpack (5.2.0) lib/abstract_controller/base.rb:129:in `process'
actionview (5.2.0) lib/action_view/rendering.rb:32:in `process'
actionpack (5.2.0) lib/action_controller/metal.rb:191:in `dispatch'
actionpack (5.2.0) lib/action_controller/metal.rb:252:in `dispatch'
actionpack (5.2.0) lib/action_dispatch/routing/route_set.rb:52:in `dispatch'
actionpack (5.2.0) lib/action_dispatch/routing/route_set.rb:34:in `serve'
actionpack (5.2.0) lib/action_dispatch/journey/router.rb:52:in `block in serve'
actionpack (5.2.0) lib/action_dispatch/journey/router.rb:35:in `each'
actionpack (5.2.0) lib/action_dispatch/journey/router.rb:35:in `serve'
actionpack (5.2.0) lib/action_dispatch/routing/route_set.rb:840:in `call'
rack (2.0.5) lib/rack/tempfile_reaper.rb:15:in `call'
rack (2.0.5) lib/rack/etag.rb:25:in `call'
rack (2.0.5) lib/rack/conditional_get.rb:25:in `call'
rack (2.0.5) lib/rack/head.rb:12:in `call'
actionpack (5.2.0) lib/action_dispatch/http/content_security_policy.rb:18:in `call'
rack (2.0.5) lib/rack/session/abstract/id.rb:232:in `context'
rack (2.0.5) lib/rack/session/abstract/id.rb:226:in `call'
actionpack (5.2.0) lib/action_dispatch/middleware/cookies.rb:670:in `call'
activerecord (5.2.0) lib/active_record/migration.rb:559:in `call'
actionpack (5.2.0) lib/action_dispatch/middleware/callbacks.rb:28:in `block in call'
activesupport (5.2.0) lib/active_support/callbacks.rb:98:in `run_callbacks'
actionpack (5.2.0) lib/action_dispatch/middleware/callbacks.rb:26:in `call'
actionpack (5.2.0) lib/action_dispatch/middleware/executor.rb:14:in `call'
actionpack (5.2.0) lib/action_dispatch/middleware/debug_exceptions.rb:61:in `call'
web-console (3.6.2) lib/web_console/middleware.rb:135:in `call_app'
web-console (3.6.2) lib/web_console/middleware.rb:30:in `block in call'
web-console (3.6.2) lib/web_console/middleware.rb:20:in `catch'
web-console (3.6.2) lib/web_console/middleware.rb:20:in `call'
actionpack (5.2.0) lib/action_dispatch/middleware/show_exceptions.rb:33:in `call'
railties (5.2.0) lib/rails/rack/logger.rb:38:in `call_app'
railties (5.2.0) lib/rails/rack/logger.rb:26:in `block in call'
activesupport (5.2.0) lib/active_support/tagged_logging.rb:71:in `block in tagged'
activesupport (5.2.0) lib/active_support/tagged_logging.rb:28:in `tagged'
activesupport (5.2.0) lib/active_support/tagged_logging.rb:71:in `tagged'
railties (5.2.0) lib/rails/rack/logger.rb:26:in `call'
sprockets-rails (3.2.1) lib/sprockets/rails/quiet_assets.rb:13:in `call'
actionpack (5.2.0) lib/action_dispatch/middleware/remote_ip.rb:81:in `call'
actionpack (5.2.0) lib/action_dispatch/middleware/request_id.rb:27:in `call'
rack (2.0.5) lib/rack/method_override.rb:22:in `call'
rack (2.0.5) lib/rack/runtime.rb:22:in `call'
activesupport (5.2.0) lib/active_support/cache/strategy/local_cache_middleware.rb:29:in `call'
actionpack (5.2.0) lib/action_dispatch/middleware/executor.rb:14:in `call'
actionpack (5.2.0) lib/action_dispatch/middleware/static.rb:127:in `call'
rack (2.0.5) lib/rack/sendfile.rb:111:in `call'
railties (5.2.0) lib/rails/engine.rb:524:in `call'
puma (3.12.0) lib/puma/configuration.rb:225:in `call'
puma (3.12.0) lib/puma/server.rb:658:in `handle_request'
puma (3.12.0) lib/puma/server.rb:472:in `process_client'
puma (3.12.0) lib/puma/server.rb:332:in `block in run'
puma (3.12.0) lib/puma/thread_pool.rb:133:in `block in spawn_thread'
Started GET "/ideas/new" for 127.0.0.1 at 2018-07-16 09:57:31 -0700
Processing by IdeasController#new as HTML
Completed 500 Internal Server Error in 1ms (ActiveRecord: 0.0ms)


  
SyntaxError (/home/luciana/Documents/CodeCore/quizz_2/app/models/idea.rb:14: syntax error, unexpected end-of-input, expecting keyword_end
    )
     ^):
  
app/models/idea.rb:14: syntax error, unexpected end-of-input, expecting keyword_end
app/controllers/ideas_controller.rb:4:in `new'
Started GET "/ideas/new" for 127.0.0.1 at 2018-07-16 09:58:20 -0700
Processing by IdeasController#new as HTML
  Rendering ideas/new.html.erb within layouts/application
  Rendered ideas/new.html.erb within layouts/application (0.5ms)
Completed 200 OK in 2949ms (Views: 2938.7ms | ActiveRecord: 3.1ms)


Started GET "/ideas/new" for 127.0.0.1 at 2018-07-16 10:06:17 -0700
  
SyntaxError (/home/luciana/Documents/CodeCore/quizz_2/app/controllers/ideas_controller.rb:25: syntax error, unexpected end-of-input, expecting keyword_end):
  
app/controllers/ideas_controller.rb:25: syntax error, unexpected end-of-input, expecting keyword_end
Started GET "/ideas/new" for 127.0.0.1 at 2018-07-16 10:06:51 -0700
Processing by IdeasController#new as HTML
  Rendering ideas/new.html.erb within layouts/application
  Rendered ideas/new.html.erb within layouts/application (0.9ms)
Completed 200 OK in 42ms (Views: 28.7ms | ActiveRecord: 4.9ms)


Started GET "/ideas/new" for 127.0.0.1 at 2018-07-16 10:07:49 -0700
Processing by IdeasController#new as HTML
  Rendering ideas/new.html.erb within layouts/application
  Rendered ideas/_form.html.erb (537.1ms)
  Rendered ideas/new.html.erb within layouts/application (539.1ms)
Completed 200 OK in 564ms (Views: 560.8ms | ActiveRecord: 0.0ms)


Started GET "/ideas/new" for 127.0.0.1 at 2018-07-16 10:09:17 -0700
Processing by IdeasController#new as HTML
  Rendering ideas/new.html.erb within layouts/application
  Rendered ideas/_form.html.erb (6.3ms)
  Rendered ideas/new.html.erb within layouts/application (8.9ms)
Completed 200 OK in 47ms (Views: 44.7ms | ActiveRecord: 0.0ms)


